[INFO] | [http-nio-3030-exec-2] | 2016/07/07 14:40:41.783/IST | INFO | DBUtil.java:48 | database connected
[INFO] | [http-nio-3030-exec-2] | 2016/07/07 14:40:41.789/IST | INFO | LoginServlet.java:100 | Welcome to Test User: admin
[INFO] | [http-nio-3030-exec-2] | 2016/07/07 14:40:41.789/IST | INFO | LoginServlet.java:104 | Logged in User : admin
[INFO] | [http-nio-3030-exec-2] | 2016/07/07 14:40:41.790/IST | INFO | LoginServlet.java:111 | Traversing Successfully to CustomPOI.jsp
[INFO] | [http-nio-3030-exec-2] | 2016/07/07 14:40:41.943/IST | INFO | LoginServlet.java:113 | Logged in User Name: admin
[INFO] | [http-nio-3030-exec-14] | 2016/07/07 14:40:45.872/IST | INFO | PoiController.java:82 | Action is....listCreatedPoi...forwarding request to   /listCreatedPoi.jsp
[INFO] | [http-nio-3030-exec-14] | 2016/07/07 14:40:45.873/IST | INFO | PoiDaoImplementation.java:232 | GetCreatedPoiList.....
[INFO] | [http-nio-3030-exec-12] | 2016/07/07 14:40:48.446/IST | INFO | PoiController.java:88 | Action is....listUpdatedPoi...forwarding request to   /listUpdatedPoi.jsp
[INFO] | [http-nio-3030-exec-12] | 2016/07/07 14:40:48.446/IST | INFO | PoiDaoImplementation.java:276 | Getting all updated pois list...........
[INFO] | [http-nio-3030-exec-1] | 2016/07/07 14:40:50.791/IST | INFO | PoiController.java:128 | Action is....null...forwarding request to   /listUpdatedPoi.jsp
[INFO] | [http-nio-3030-exec-1] | 2016/07/07 14:40:50.791/IST | INFO | PoiDaoImplementation.java:276 | Getting all updated pois list...........
[INFO] | [http-nio-3030-exec-14] | 2016/07/07 14:42:12.169/IST | INFO | UserDaoImplementation.java:181 | Getting all active users.....
[INFO] | [http-nio-3030-exec-14] | 2016/07/07 14:42:12.245/IST | INFO | UserDaoImplementation.java:197 | Added Data to the Users
[INFO] | [http-nio-3030-exec-15] | 2016/07/07 14:42:13.760/IST | INFO | PoiController.java:82 | Action is....listCreatedPoi...forwarding request to   /listCreatedPoi.jsp
[INFO] | [http-nio-3030-exec-15] | 2016/07/07 14:42:13.760/IST | INFO | PoiDaoImplementation.java:232 | GetCreatedPoiList.....
[INFO] | [http-nio-3030-exec-17] | 2016/07/07 14:42:15.247/IST | INFO | PoiController.java:88 | Action is....listUpdatedPoi...forwarding request to   /listUpdatedPoi.jsp
[INFO] | [http-nio-3030-exec-17] | 2016/07/07 14:42:15.249/IST | INFO | PoiDaoImplementation.java:276 | Getting all updated pois list...........
[INFO] | [http-nio-3030-exec-8] | 2016/07/07 14:42:17.216/IST | INFO | PoiController.java:96 | Action is....listSubmittedPoi...forwarding request to   /listSubmittedPoi.jsp
[INFO] | [http-nio-3030-exec-8] | 2016/07/07 14:42:17.217/IST | INFO | PoiDaoImplementation.java:354 | Getting all SubmittedPoiList.........
[INFO] | [http-nio-3030-exec-20] | 2016/07/07 14:42:18.792/IST | INFO | PoiController.java:100 | Action is....listApprovedPoi...forwarding request to   /listApprovedPoi.jsp
[INFO] | [http-nio-3030-exec-20] | 2016/07/07 14:42:18.792/IST | INFO | PoiDaoImplementation.java:387 | Getting all ApprovedPoiList.........
[INFO] | [http-nio-3030-exec-15] | 2016/07/07 14:42:20.237/IST | INFO | PoiController.java:92 | Action is....listDeletedPoi...forwarding request to   /listDeletedPoi.jsp
[INFO] | [http-nio-3030-exec-15] | 2016/07/07 14:42:20.237/IST | INFO | PoiDaoImplementation.java:315 | Getting all DeletedPoiList.........
[INFO] | [http-nio-3030-exec-18] | 2016/07/07 14:42:21.541/IST | INFO | PoiController.java:100 | Action is....listApprovedPoi...forwarding request to   /listApprovedPoi.jsp
[INFO] | [http-nio-3030-exec-18] | 2016/07/07 14:42:21.541/IST | INFO | PoiDaoImplementation.java:387 | Getting all ApprovedPoiList.........
[INFO] | [http-nio-3030-exec-15] | 2016/07/07 14:42:22.495/IST | INFO | PoiController.java:96 | Action is....listSubmittedPoi...forwarding request to   /listSubmittedPoi.jsp
[INFO] | [http-nio-3030-exec-15] | 2016/07/07 14:42:22.495/IST | INFO | PoiDaoImplementation.java:354 | Getting all SubmittedPoiList.........
[INFO] | [http-nio-3030-exec-17] | 2016/07/07 14:42:23.575/IST | INFO | PoiController.java:88 | Action is....listUpdatedPoi...forwarding request to   /listUpdatedPoi.jsp
[INFO] | [http-nio-3030-exec-17] | 2016/07/07 14:42:23.576/IST | INFO | PoiDaoImplementation.java:276 | Getting all updated pois list...........
[INFO] | [http-nio-3030-exec-14] | 2016/07/07 14:44:11.532/IST | INFO | DBUtil.java:48 | database connected
[INFO] | [http-nio-3030-exec-14] | 2016/07/07 14:44:11.535/IST | INFO | UserDaoImplementation.java:181 | Getting all active users.....
[INFO] | [http-nio-3030-exec-14] | 2016/07/07 14:44:11.558/IST | INFO | UserDaoImplementation.java:197 | Added Data to the Users
[INFO] | [http-nio-3030-exec-17] | 2016/07/07 14:44:13.171/IST | INFO | PoiController.java:82 | Action is....listCreatedPoi...forwarding request to   /listCreatedPoi.jsp
[INFO] | [http-nio-3030-exec-17] | 2016/07/07 14:44:13.171/IST | INFO | PoiDaoImplementation.java:232 | GetCreatedPoiList.....
[INFO] | [http-nio-3030-exec-22] | 2016/07/07 14:44:15.454/IST | INFO | PoiController.java:82 | Action is....listCreatedPoi...forwarding request to   /listCreatedPoi.jsp
[INFO] | [http-nio-3030-exec-22] | 2016/07/07 14:44:15.455/IST | INFO | PoiDaoImplementation.java:232 | GetCreatedPoiList.....
[INFO] | [http-nio-3030-exec-18] | 2016/07/07 14:44:17.200/IST | INFO | PoiController.java:88 | Action is....listUpdatedPoi...forwarding request to   /listUpdatedPoi.jsp
[INFO] | [http-nio-3030-exec-18] | 2016/07/07 14:44:17.200/IST | INFO | PoiDaoImplementation.java:276 | Getting all updated pois list...........
[INFO] | [http-nio-3030-exec-31] | 2016/07/07 14:54:26.625/IST | INFO | DBUtil.java:48 | database connected
[INFO] | [http-nio-3030-exec-31] | 2016/07/07 14:54:26.628/IST | INFO | UserDaoImplementation.java:181 | Getting all active users.....
[INFO] | [http-nio-3030-exec-31] | 2016/07/07 14:54:26.652/IST | INFO | UserDaoImplementation.java:197 | Added Data to the Users
[INFO] | [http-nio-3030-exec-34] | 2016/07/07 14:54:29.024/IST | INFO | PoiController.java:82 | Action is....listCreatedPoi...forwarding request to   /listCreatedPoi.jsp
[INFO] | [http-nio-3030-exec-34] | 2016/07/07 14:54:29.025/IST | INFO | PoiDaoImplementation.java:232 | GetCreatedPoiList.....
[INFO] | [http-nio-3030-exec-32] | 2016/07/07 14:54:32.077/IST | INFO | PoiController.java:88 | Action is....listUpdatedPoi...forwarding request to   /listUpdatedPoi.jsp
[INFO] | [http-nio-3030-exec-32] | 2016/07/07 14:54:32.078/IST | INFO | PoiDaoImplementation.java:276 | Getting all updated pois list...........
[INFO] | [http-nio-3030-exec-27] | 2016/07/07 14:54:35.740/IST | INFO | PoiController.java:88 | Action is....listUpdatedPoi...forwarding request to   /listUpdatedPoi.jsp
[INFO] | [http-nio-3030-exec-27] | 2016/07/07 14:54:35.740/IST | INFO | PoiDaoImplementation.java:276 | Getting all updated pois list...........
[INFO] | [http-nio-3030-exec-35] | 2016/07/07 14:55:09.265/IST | INFO | PoiController.java:88 | Action is....listUpdatedPoi...forwarding request to   /listUpdatedPoi.jsp
[INFO] | [http-nio-3030-exec-35] | 2016/07/07 14:55:09.266/IST | INFO | PoiDaoImplementation.java:276 | Getting all updated pois list...........
[INFO] | [http-nio-3030-exec-42] | 2016/07/07 15:00:32.170/IST | INFO | DBUtil.java:48 | database connected
[INFO] | [http-nio-3030-exec-42] | 2016/07/07 15:00:32.173/IST | INFO | PoiController.java:88 | Action is....listUpdatedPoi...forwarding request to   /listUpdatedPoi.jsp
[INFO] | [http-nio-3030-exec-42] | 2016/07/07 15:00:32.173/IST | INFO | PoiDaoImplementation.java:276 | Getting all updated pois list...........
[INFO] | [http-nio-3030-exec-52] | 2016/07/07 15:02:33.997/IST | INFO | DBUtil.java:48 | database connected
[INFO] | [http-nio-3030-exec-52] | 2016/07/07 15:02:34.001/IST | INFO | LoginServlet.java:100 | Welcome to Test User: admin
[INFO] | [http-nio-3030-exec-52] | 2016/07/07 15:02:34.001/IST | INFO | LoginServlet.java:104 | Logged in User : admin
[INFO] | [http-nio-3030-exec-52] | 2016/07/07 15:02:34.001/IST | INFO | LoginServlet.java:111 | Traversing Successfully to CustomPOI.jsp
[INFO] | [http-nio-3030-exec-52] | 2016/07/07 15:02:34.012/IST | INFO | LoginServlet.java:113 | Logged in User Name: admin
[INFO] | [http-nio-3030-exec-40] | 2016/07/07 15:02:36.776/IST | INFO | PoiController.java:82 | Action is....listCreatedPoi...forwarding request to   /listCreatedPoi.jsp
[INFO] | [http-nio-3030-exec-40] | 2016/07/07 15:02:36.777/IST | INFO | PoiDaoImplementation.java:232 | GetCreatedPoiList.....
[INFO] | [http-nio-3030-exec-50] | 2016/07/07 15:02:38.489/IST | INFO | PoiController.java:88 | Action is....listUpdatedPoi...forwarding request to   /listUpdatedPoi.jsp
[INFO] | [http-nio-3030-exec-50] | 2016/07/07 15:02:38.489/IST | INFO | PoiDaoImplementation.java:276 | Getting all updated pois list...........
[INFO] | [http-nio-3030-exec-46] | 2016/07/07 15:02:41.528/IST | INFO | PoiController.java:88 | Action is....listUpdatedPoi...forwarding request to   /listUpdatedPoi.jsp
[INFO] | [http-nio-3030-exec-46] | 2016/07/07 15:02:41.529/IST | INFO | PoiDaoImplementation.java:276 | Getting all updated pois list...........
[INFO] | [http-nio-3030-exec-60] | 2016/07/07 15:14:40.352/IST | INFO | DBUtil.java:48 | database connected
[INFO] | [http-nio-3030-exec-60] | 2016/07/07 15:14:40.356/IST | INFO | PoiController.java:88 | Action is....listUpdatedPoi...forwarding request to   /listUpdatedPoi.jsp
[INFO] | [http-nio-3030-exec-60] | 2016/07/07 15:14:40.356/IST | INFO | PoiDaoImplementation.java:276 | Getting all updated pois list...........
[INFO] | [http-nio-3030-exec-54] | 2016/07/07 15:14:41.766/IST | INFO | PoiController.java:96 | Action is....listSubmittedPoi...forwarding request to   /listSubmittedPoi.jsp
[INFO] | [http-nio-3030-exec-54] | 2016/07/07 15:14:41.767/IST | INFO | PoiDaoImplementation.java:354 | Getting all SubmittedPoiList.........
[INFO] | [http-nio-3030-exec-52] | 2016/07/07 15:14:43.254/IST | INFO | PoiController.java:100 | Action is....listApprovedPoi...forwarding request to   /listApprovedPoi.jsp
[INFO] | [http-nio-3030-exec-52] | 2016/07/07 15:14:43.254/IST | INFO | PoiDaoImplementation.java:387 | Getting all ApprovedPoiList.........
[INFO] | [http-nio-3030-exec-58] | 2016/07/07 15:14:44.299/IST | INFO | PoiController.java:88 | Action is....listUpdatedPoi...forwarding request to   /listUpdatedPoi.jsp
[INFO] | [http-nio-3030-exec-58] | 2016/07/07 15:14:44.299/IST | INFO | PoiDaoImplementation.java:276 | Getting all updated pois list...........
[INFO] | [http-nio-3030-exec-62] | 2016/07/07 15:18:56.293/IST | INFO | UserDaoImplementation.java:181 | Getting all active users.....
[INFO] | [http-nio-3030-exec-62] | 2016/07/07 15:18:56.295/IST | INFO | UserDaoImplementation.java:197 | Added Data to the Users
[INFO] | [http-nio-3030-exec-63] | 2016/07/07 15:18:58.342/IST | INFO | PoiController.java:82 | Action is....listCreatedPoi...forwarding request to   /listCreatedPoi.jsp
[INFO] | [http-nio-3030-exec-63] | 2016/07/07 15:18:58.343/IST | INFO | PoiDaoImplementation.java:232 | GetCreatedPoiList.....
[INFO] | [http-nio-3030-exec-65] | 2016/07/07 15:19:00.459/IST | INFO | PoiController.java:88 | Action is....listUpdatedPoi...forwarding request to   /listUpdatedPoi.jsp
[INFO] | [http-nio-3030-exec-65] | 2016/07/07 15:19:00.459/IST | INFO | PoiDaoImplementation.java:276 | Getting all updated pois list...........
[INFO] | [http-nio-3030-exec-62] | 2016/07/07 15:20:49.702/IST | INFO | DBUtil.java:48 | database connected
[INFO] | [http-nio-3030-exec-62] | 2016/07/07 15:20:49.705/IST | INFO | UserDaoImplementation.java:181 | Getting all active users.....
[INFO] | [http-nio-3030-exec-62] | 2016/07/07 15:20:49.725/IST | INFO | UserDaoImplementation.java:197 | Added Data to the Users
[INFO] | [http-nio-3030-exec-66] | 2016/07/07 15:20:52.190/IST | INFO | PoiController.java:82 | Action is....listCreatedPoi...forwarding request to   /listCreatedPoi.jsp
[INFO] | [http-nio-3030-exec-66] | 2016/07/07 15:20:52.191/IST | INFO | PoiDaoImplementation.java:232 | GetCreatedPoiList.....
[INFO] | [http-nio-3030-exec-69] | 2016/07/07 15:20:54.004/IST | INFO | PoiController.java:88 | Action is....listUpdatedPoi...forwarding request to   /listUpdatedPoi.jsp
[INFO] | [http-nio-3030-exec-69] | 2016/07/07 15:20:54.005/IST | INFO | PoiDaoImplementation.java:276 | Getting all updated pois list...........
[INFO] | [http-nio-3030-exec-64] | 2016/07/07 15:20:55.951/IST | INFO | PoiController.java:88 | Action is....listUpdatedPoi...forwarding request to   /listUpdatedPoi.jsp
[INFO] | [http-nio-3030-exec-64] | 2016/07/07 15:20:55.952/IST | INFO | PoiDaoImplementation.java:276 | Getting all updated pois list...........
[INFO] | [http-nio-3030-exec-74] | 2016/07/07 15:22:21.319/IST | INFO | PoiController.java:88 | Action is....listUpdatedPoi...forwarding request to   /listUpdatedPoi.jsp
[INFO] | [http-nio-3030-exec-74] | 2016/07/07 15:22:21.320/IST | INFO | PoiDaoImplementation.java:276 | Getting all updated pois list...........
[INFO] | [http-nio-3030-exec-79] | 2016/07/07 15:22:22.850/IST | INFO | PoiController.java:88 | Action is....listUpdatedPoi...forwarding request to   /listUpdatedPoi.jsp
[INFO] | [http-nio-3030-exec-79] | 2016/07/07 15:22:22.851/IST | INFO | PoiDaoImplementation.java:276 | Getting all updated pois list...........
[INFO] | [http-nio-3030-exec-74] | 2016/07/07 15:23:13.857/IST | INFO | DBUtil.java:48 | database connected
[INFO] | [http-nio-3030-exec-74] | 2016/07/07 15:23:13.860/IST | INFO | UserDaoImplementation.java:181 | Getting all active users.....
[INFO] | [http-nio-3030-exec-74] | 2016/07/07 15:23:13.879/IST | INFO | UserDaoImplementation.java:197 | Added Data to the Users
[INFO] | [http-nio-3030-exec-76] | 2016/07/07 15:23:15.894/IST | INFO | PoiController.java:82 | Action is....listCreatedPoi...forwarding request to   /listCreatedPoi.jsp
[INFO] | [http-nio-3030-exec-76] | 2016/07/07 15:23:15.894/IST | INFO | PoiDaoImplementation.java:232 | GetCreatedPoiList.....
[INFO] | [http-nio-3030-exec-77] | 2016/07/07 15:23:17.492/IST | INFO | PoiController.java:88 | Action is....listUpdatedPoi...forwarding request to   /listUpdatedPoi.jsp
[INFO] | [http-nio-3030-exec-77] | 2016/07/07 15:23:17.493/IST | INFO | PoiDaoImplementation.java:276 | Getting all updated pois list...........
[INFO] | [http-nio-3030-exec-75] | 2016/07/07 15:23:19.184/IST | INFO | PoiController.java:88 | Action is....listUpdatedPoi...forwarding request to   /listUpdatedPoi.jsp
[INFO] | [http-nio-3030-exec-75] | 2016/07/07 15:23:19.184/IST | INFO | PoiDaoImplementation.java:276 | Getting all updated pois list...........
[INFO] | [http-nio-3030-exec-89] | 2016/07/07 15:25:23.104/IST | INFO | DBUtil.java:48 | database connected
[INFO] | [http-nio-3030-exec-89] | 2016/07/07 15:25:23.107/IST | INFO | PoiController.java:88 | Action is....listUpdatedPoi...forwarding request to   /listUpdatedPoi.jsp
[INFO] | [http-nio-3030-exec-89] | 2016/07/07 15:25:23.107/IST | INFO | PoiDaoImplementation.java:276 | Getting all updated pois list...........
[INFO] | [http-nio-3030-exec-91] | 2016/07/07 15:25:45.881/IST | INFO | PoiController.java:88 | Action is....listUpdatedPoi...forwarding request to   /listUpdatedPoi.jsp
[INFO] | [http-nio-3030-exec-91] | 2016/07/07 15:25:45.882/IST | INFO | PoiDaoImplementation.java:276 | Getting all updated pois list...........
[INFO] | [http-nio-3030-exec-93] | 2016/07/07 15:27:17.680/IST | INFO | PoiController.java:88 | Action is....listUpdatedPoi...forwarding request to   /listUpdatedPoi.jsp
[INFO] | [http-nio-3030-exec-93] | 2016/07/07 15:27:17.680/IST | INFO | PoiDaoImplementation.java:276 | Getting all updated pois list...........
[INFO] | [http-nio-3030-exec-96] | 2016/07/07 15:30:10.252/IST | INFO | PoiController.java:88 | Action is....listUpdatedPoi...forwarding request to   /listUpdatedPoi.jsp
[INFO] | [http-nio-3030-exec-96] | 2016/07/07 15:30:10.253/IST | INFO | PoiDaoImplementation.java:276 | Getting all updated pois list...........
[INFO] | [http-nio-3030-exec-92] | 2016/07/07 15:33:37.180/IST | INFO | DBUtil.java:48 | database connected
[INFO] | [http-nio-3030-exec-92] | 2016/07/07 15:33:37.183/IST | INFO | PoiController.java:88 | Action is....listUpdatedPoi...forwarding request to   /listUpdatedPoi.jsp
[INFO] | [http-nio-3030-exec-92] | 2016/07/07 15:33:37.183/IST | INFO | PoiDaoImplementation.java:276 | Getting all updated pois list...........
[INFO] | [http-nio-3030-exec-95] | 2016/07/07 15:33:38.669/IST | INFO | PoiController.java:88 | Action is....listUpdatedPoi...forwarding request to   /listUpdatedPoi.jsp
[INFO] | [http-nio-3030-exec-95] | 2016/07/07 15:33:38.670/IST | INFO | PoiDaoImplementation.java:276 | Getting all updated pois list...........
[INFO] | [http-nio-3030-exec-106] | 2016/07/07 15:35:43.813/IST | INFO | DBUtil.java:48 | database connected
[INFO] | [http-nio-3030-exec-106] | 2016/07/07 15:35:43.815/IST | INFO | UserDaoImplementation.java:181 | Getting all active users.....
[INFO] | [http-nio-3030-exec-106] | 2016/07/07 15:35:43.836/IST | INFO | UserDaoImplementation.java:197 | Added Data to the Users
[INFO] | [http-nio-3030-exec-98] | 2016/07/07 15:35:45.816/IST | INFO | PoiController.java:82 | Action is....listCreatedPoi...forwarding request to   /listCreatedPoi.jsp
[INFO] | [http-nio-3030-exec-98] | 2016/07/07 15:35:45.817/IST | INFO | PoiDaoImplementation.java:232 | GetCreatedPoiList.....
[INFO] | [http-nio-3030-exec-103] | 2016/07/07 15:35:47.599/IST | INFO | PoiController.java:88 | Action is....listUpdatedPoi...forwarding request to   /listUpdatedPoi.jsp
[INFO] | [http-nio-3030-exec-103] | 2016/07/07 15:35:47.599/IST | INFO | PoiDaoImplementation.java:276 | Getting all updated pois list...........
[INFO] | [http-nio-3030-exec-104] | 2016/07/07 15:35:52.940/IST | INFO | PoiController.java:88 | Action is....listUpdatedPoi...forwarding request to   /listUpdatedPoi.jsp
[INFO] | [http-nio-3030-exec-104] | 2016/07/07 15:35:52.940/IST | INFO | PoiDaoImplementation.java:276 | Getting all updated pois list...........
[INFO] | [http-nio-3030-exec-102] | 2016/07/07 15:36:05.815/IST | INFO | PoiController.java:88 | Action is....listUpdatedPoi...forwarding request to   /listUpdatedPoi.jsp
[INFO] | [http-nio-3030-exec-102] | 2016/07/07 15:36:05.815/IST | INFO | PoiDaoImplementation.java:276 | Getting all updated pois list...........
[INFO] | [http-nio-3030-exec-107] | 2016/07/07 15:36:07.123/IST | INFO | PoiController.java:88 | Action is....listUpdatedPoi...forwarding request to   /listUpdatedPoi.jsp
[INFO] | [http-nio-3030-exec-107] | 2016/07/07 15:36:07.124/IST | INFO | PoiDaoImplementation.java:276 | Getting all updated pois list...........
[INFO] | [http-nio-3030-exec-96] | 2016/07/07 15:36:08.148/IST | INFO | PoiController.java:88 | Action is....listUpdatedPoi...forwarding request to   /listUpdatedPoi.jsp
[INFO] | [http-nio-3030-exec-96] | 2016/07/07 15:36:08.148/IST | INFO | PoiDaoImplementation.java:276 | Getting all updated pois list...........
[INFO] | [http-nio-3030-exec-118] | 2016/07/07 15:39:56.114/IST | INFO | DBUtil.java:48 | database connected
[INFO] | [http-nio-3030-exec-118] | 2016/07/07 15:39:56.116/IST | INFO | UserDaoImplementation.java:181 | Getting all active users.....
[INFO] | [http-nio-3030-exec-118] | 2016/07/07 15:39:56.139/IST | INFO | UserDaoImplementation.java:197 | Added Data to the Users
[INFO] | [http-nio-3030-exec-117] | 2016/07/07 15:39:58.129/IST | INFO | PoiController.java:82 | Action is....listCreatedPoi...forwarding request to   /listCreatedPoi.jsp
[INFO] | [http-nio-3030-exec-117] | 2016/07/07 15:39:58.130/IST | INFO | PoiDaoImplementation.java:232 | GetCreatedPoiList.....
[INFO] | [http-nio-3030-exec-114] | 2016/07/07 15:39:59.357/IST | INFO | PoiController.java:88 | Action is....listUpdatedPoi...forwarding request to   /listUpdatedPoi.jsp
[INFO] | [http-nio-3030-exec-114] | 2016/07/07 15:39:59.358/IST | INFO | PoiDaoImplementation.java:276 | Getting all updated pois list...........
[INFO] | [http-nio-3030-exec-115] | 2016/07/07 15:40:00.186/IST | INFO | PoiController.java:88 | Action is....listUpdatedPoi...forwarding request to   /listUpdatedPoi.jsp
[INFO] | [http-nio-3030-exec-115] | 2016/07/07 15:40:00.186/IST | INFO | PoiDaoImplementation.java:276 | Getting all updated pois list...........
[INFO] | [http-nio-3030-exec-112] | 2016/07/07 15:40:02.330/IST | INFO | PoiController.java:88 | Action is....listUpdatedPoi...forwarding request to   /listUpdatedPoi.jsp
[INFO] | [http-nio-3030-exec-112] | 2016/07/07 15:40:02.330/IST | INFO | PoiDaoImplementation.java:276 | Getting all updated pois list...........
[INFO] | [http-nio-3030-exec-119] | 2016/07/07 15:40:03.178/IST | INFO | PoiController.java:88 | Action is....listUpdatedPoi...forwarding request to   /listUpdatedPoi.jsp
[INFO] | [http-nio-3030-exec-119] | 2016/07/07 15:40:03.178/IST | INFO | PoiDaoImplementation.java:276 | Getting all updated pois list...........
[INFO] | [http-nio-3030-exec-122] | 2016/07/07 15:40:03.795/IST | INFO | PoiController.java:88 | Action is....listUpdatedPoi...forwarding request to   /listUpdatedPoi.jsp
[INFO] | [http-nio-3030-exec-122] | 2016/07/07 15:40:03.796/IST | INFO | PoiDaoImplementation.java:276 | Getting all updated pois list...........
[INFO] | [http-nio-3030-exec-123] | 2016/07/07 15:40:04.329/IST | INFO | PoiController.java:88 | Action is....listUpdatedPoi...forwarding request to   /listUpdatedPoi.jsp
[INFO] | [http-nio-3030-exec-123] | 2016/07/07 15:40:04.329/IST | INFO | PoiDaoImplementation.java:276 | Getting all updated pois list...........
[INFO] | [http-nio-3030-exec-120] | 2016/07/07 15:42:38.151/IST | INFO | DBUtil.java:48 | database connected
[INFO] | [http-nio-3030-exec-120] | 2016/07/07 15:42:38.153/IST | INFO | PoiController.java:88 | Action is....listUpdatedPoi...forwarding request to   /listUpdatedPoi.jsp
[INFO] | [http-nio-3030-exec-120] | 2016/07/07 15:42:38.153/IST | INFO | PoiDaoImplementation.java:276 | Getting all updated pois list...........
[INFO] | [http-nio-3030-exec-119] | 2016/07/07 15:42:39.370/IST | INFO | PoiController.java:88 | Action is....listUpdatedPoi...forwarding request to   /listUpdatedPoi.jsp
[INFO] | [http-nio-3030-exec-119] | 2016/07/07 15:42:39.371/IST | INFO | PoiDaoImplementation.java:276 | Getting all updated pois list...........
[INFO] | [http-nio-3030-exec-125] | 2016/07/07 15:44:58.220/IST | INFO | DBUtil.java:48 | database connected
[INFO] | [http-nio-3030-exec-125] | 2016/07/07 15:44:58.222/IST | INFO | PoiController.java:88 | Action is....listUpdatedPoi...forwarding request to   /listUpdatedPoi.jsp
[INFO] | [http-nio-3030-exec-125] | 2016/07/07 15:44:58.223/IST | INFO | PoiDaoImplementation.java:276 | Getting all updated pois list...........
[INFO] | [http-nio-3030-exec-129] | 2016/07/07 15:44:59.586/IST | INFO | PoiController.java:88 | Action is....listUpdatedPoi...forwarding request to   /listUpdatedPoi.jsp
[INFO] | [http-nio-3030-exec-129] | 2016/07/07 15:44:59.587/IST | INFO | PoiDaoImplementation.java:276 | Getting all updated pois list...........
[INFO] | [http-nio-3030-exec-132] | 2016/07/07 15:45:29.581/IST | INFO | PoiController.java:88 | Action is....listUpdatedPoi...forwarding request to   /listUpdatedPoi.jsp
[INFO] | [http-nio-3030-exec-132] | 2016/07/07 15:45:29.581/IST | INFO | PoiDaoImplementation.java:276 | Getting all updated pois list...........
[INFO] | [http-nio-3030-exec-133] | 2016/07/07 15:45:31.937/IST | INFO | PoiController.java:88 | Action is....listUpdatedPoi...forwarding request to   /listUpdatedPoi.jsp
[INFO] | [http-nio-3030-exec-133] | 2016/07/07 15:45:31.937/IST | INFO | PoiDaoImplementation.java:276 | Getting all updated pois list...........
[INFO] | [http-nio-3030-exec-136] | 2016/07/07 15:45:51.655/IST | INFO | DBUtil.java:48 | database connected
[INFO] | [http-nio-3030-exec-136] | 2016/07/07 15:45:51.657/IST | INFO | UserDaoImplementation.java:181 | Getting all active users.....
[INFO] | [http-nio-3030-exec-136] | 2016/07/07 15:45:51.678/IST | INFO | UserDaoImplementation.java:197 | Added Data to the Users
[INFO] | [http-nio-3030-exec-126] | 2016/07/07 15:45:54.227/IST | INFO | PoiController.java:82 | Action is....listCreatedPoi...forwarding request to   /listCreatedPoi.jsp
[INFO] | [http-nio-3030-exec-126] | 2016/07/07 15:45:54.228/IST | INFO | PoiDaoImplementation.java:232 | GetCreatedPoiList.....
[INFO] | [http-nio-3030-exec-122] | 2016/07/07 15:45:55.985/IST | INFO | PoiController.java:88 | Action is....listUpdatedPoi...forwarding request to   /listUpdatedPoi.jsp
[INFO] | [http-nio-3030-exec-122] | 2016/07/07 15:45:55.985/IST | INFO | PoiDaoImplementation.java:276 | Getting all updated pois list...........
[INFO] | [http-nio-3030-exec-132] | 2016/07/07 15:45:57.544/IST | INFO | PoiController.java:88 | Action is....listUpdatedPoi...forwarding request to   /listUpdatedPoi.jsp
[INFO] | [http-nio-3030-exec-132] | 2016/07/07 15:45:57.545/IST | INFO | PoiDaoImplementation.java:276 | Getting all updated pois list...........
[INFO] | [http-nio-3030-exec-140] | 2016/07/07 15:48:58.987/IST | INFO | PoiController.java:88 | Action is....listUpdatedPoi...forwarding request to   /listUpdatedPoi.jsp
[INFO] | [http-nio-3030-exec-140] | 2016/07/07 15:48:58.987/IST | INFO | PoiDaoImplementation.java:276 | Getting all updated pois list...........
[INFO] | [http-nio-3030-exec-138] | 2016/07/07 15:49:01.979/IST | INFO | PoiController.java:88 | Action is....listUpdatedPoi...forwarding request to   /listUpdatedPoi.jsp
[INFO] | [http-nio-3030-exec-138] | 2016/07/07 15:49:01.979/IST | INFO | PoiDaoImplementation.java:276 | Getting all updated pois list...........
[INFO] | [http-nio-3030-exec-141] | 2016/07/07 16:05:26.848/IST | INFO | DBUtil.java:48 | database connected
[INFO] | [http-nio-3030-exec-141] | 2016/07/07 16:05:26.851/IST | INFO | PoiController.java:88 | Action is....listUpdatedPoi...forwarding request to   /listUpdatedPoi.jsp
[INFO] | [http-nio-3030-exec-141] | 2016/07/07 16:05:26.851/IST | INFO | PoiDaoImplementation.java:276 | Getting all updated pois list...........
[INFO] | [http-nio-3030-exec-137] | 2016/07/07 16:05:29.977/IST | INFO | PoiController.java:88 | Action is....listUpdatedPoi...forwarding request to   /listUpdatedPoi.jsp
[INFO] | [http-nio-3030-exec-137] | 2016/07/07 16:05:29.978/IST | INFO | PoiDaoImplementation.java:276 | Getting all updated pois list...........
[INFO] | [http-nio-3030-exec-139] | 2016/07/07 16:05:31.558/IST | INFO | PoiController.java:82 | Action is....listCreatedPoi...forwarding request to   /listCreatedPoi.jsp
[INFO] | [http-nio-3030-exec-139] | 2016/07/07 16:05:31.558/IST | INFO | PoiDaoImplementation.java:232 | GetCreatedPoiList.....
[INFO] | [http-nio-3030-exec-140] | 2016/07/07 16:05:32.481/IST | INFO | PoiController.java:88 | Action is....listUpdatedPoi...forwarding request to   /listUpdatedPoi.jsp
[INFO] | [http-nio-3030-exec-140] | 2016/07/07 16:05:32.481/IST | INFO | PoiDaoImplementation.java:276 | Getting all updated pois list...........
[INFO] | [http-nio-3030-exec-145] | 2016/07/07 16:05:33.380/IST | INFO | PoiController.java:96 | Action is....listSubmittedPoi...forwarding request to   /listSubmittedPoi.jsp
[INFO] | [http-nio-3030-exec-145] | 2016/07/07 16:05:33.381/IST | INFO | PoiDaoImplementation.java:354 | Getting all SubmittedPoiList.........
[INFO] | [http-nio-3030-exec-147] | 2016/07/07 16:05:34.611/IST | INFO | PoiController.java:100 | Action is....listApprovedPoi...forwarding request to   /listApprovedPoi.jsp
[INFO] | [http-nio-3030-exec-147] | 2016/07/07 16:05:34.612/IST | INFO | PoiDaoImplementation.java:387 | Getting all ApprovedPoiList.........
[INFO] | [http-nio-3030-exec-148] | 2016/07/07 16:05:36.272/IST | INFO | PoiController.java:88 | Action is....listUpdatedPoi...forwarding request to   /listUpdatedPoi.jsp
[INFO] | [http-nio-3030-exec-148] | 2016/07/07 16:05:36.273/IST | INFO | PoiDaoImplementation.java:276 | Getting all updated pois list...........
[INFO] | [http-nio-3030-exec-149] | 2016/07/07 16:05:38.532/IST | INFO | PoiController.java:88 | Action is....listUpdatedPoi...forwarding request to   /listUpdatedPoi.jsp
[INFO] | [http-nio-3030-exec-149] | 2016/07/07 16:05:38.532/IST | INFO | PoiDaoImplementation.java:276 | Getting all updated pois list...........
[INFO] | [http-nio-3030-exec-156] | 2016/07/07 16:07:44.649/IST | INFO | DBUtil.java:48 | database connected
[INFO] | [http-nio-3030-exec-156] | 2016/07/07 16:07:44.653/IST | INFO | PoiController.java:88 | Action is....listUpdatedPoi...forwarding request to   /listUpdatedPoi.jsp
[INFO] | [http-nio-3030-exec-156] | 2016/07/07 16:07:44.653/IST | INFO | PoiDaoImplementation.java:276 | Getting all updated pois list...........
[INFO] | [http-nio-3030-exec-155] | 2016/07/07 16:07:46.394/IST | INFO | PoiController.java:88 | Action is....listUpdatedPoi...forwarding request to   /listUpdatedPoi.jsp
[INFO] | [http-nio-3030-exec-155] | 2016/07/07 16:07:46.394/IST | INFO | PoiDaoImplementation.java:276 | Getting all updated pois list...........
[INFO] | [http-nio-3030-exec-165] | 2016/07/07 16:17:52.496/IST | INFO | DBUtil.java:48 | database connected
[INFO] | [http-nio-3030-exec-165] | 2016/07/07 16:17:52.499/IST | INFO | PoiController.java:88 | Action is....listUpdatedPoi...forwarding request to   /listUpdatedPoi.jsp
[INFO] | [http-nio-3030-exec-165] | 2016/07/07 16:17:52.499/IST | INFO | PoiDaoImplementation.java:276 | Getting all updated pois list...........
[INFO] | [http-nio-3030-exec-162] | 2016/07/07 16:17:54.773/IST | INFO | PoiController.java:96 | Action is....listSubmittedPoi...forwarding request to   /listSubmittedPoi.jsp
[INFO] | [http-nio-3030-exec-162] | 2016/07/07 16:17:54.774/IST | INFO | PoiDaoImplementation.java:354 | Getting all SubmittedPoiList.........
[INFO] | [http-nio-3030-exec-161] | 2016/07/07 16:18:10.039/IST | INFO | UserDaoImplementation.java:181 | Getting all active users.....
[INFO] | [http-nio-3030-exec-161] | 2016/07/07 16:18:10.041/IST | INFO | UserDaoImplementation.java:197 | Added Data to the Users
[INFO] | [http-nio-3030-exec-160] | 2016/07/07 16:18:13.545/IST | INFO | PoiController.java:82 | Action is....listCreatedPoi...forwarding request to   /listCreatedPoi.jsp
[INFO] | [http-nio-3030-exec-160] | 2016/07/07 16:18:13.545/IST | INFO | PoiDaoImplementation.java:232 | GetCreatedPoiList.....
[INFO] | [http-nio-3030-exec-164] | 2016/07/07 16:18:15.612/IST | INFO | PoiController.java:88 | Action is....listUpdatedPoi...forwarding request to   /listUpdatedPoi.jsp
[INFO] | [http-nio-3030-exec-164] | 2016/07/07 16:18:15.612/IST | INFO | PoiDaoImplementation.java:276 | Getting all updated pois list...........
[INFO] | [http-nio-3030-exec-167] | 2016/07/07 16:18:17.311/IST | INFO | PoiController.java:88 | Action is....listUpdatedPoi...forwarding request to   /listUpdatedPoi.jsp
[INFO] | [http-nio-3030-exec-167] | 2016/07/07 16:18:17.311/IST | INFO | PoiDaoImplementation.java:276 | Getting all updated pois list...........
[INFO] | [http-nio-3030-exec-163] | 2016/07/07 16:18:34.799/IST | INFO | PoiController.java:88 | Action is....listUpdatedPoi...forwarding request to   /listUpdatedPoi.jsp
[INFO] | [http-nio-3030-exec-163] | 2016/07/07 16:18:34.800/IST | INFO | PoiDaoImplementation.java:276 | Getting all updated pois list...........
[INFO] | [http-nio-3030-exec-173] | 2016/07/07 16:20:53.246/IST | INFO | DBUtil.java:48 | database connected
[INFO] | [http-nio-3030-exec-173] | 2016/07/07 16:20:53.249/IST | INFO | PoiController.java:88 | Action is....listUpdatedPoi...forwarding request to   /listUpdatedPoi.jsp
[INFO] | [http-nio-3030-exec-173] | 2016/07/07 16:20:53.249/IST | INFO | PoiDaoImplementation.java:276 | Getting all updated pois list...........
[INFO] | [http-nio-3030-exec-172] | 2016/07/07 16:21:10.016/IST | INFO | UserDaoImplementation.java:181 | Getting all active users.....
[INFO] | [http-nio-3030-exec-172] | 2016/07/07 16:21:10.019/IST | INFO | UserDaoImplementation.java:197 | Added Data to the Users
[INFO] | [http-nio-3030-exec-168] | 2016/07/07 16:21:13.591/IST | INFO | PoiController.java:82 | Action is....listCreatedPoi...forwarding request to   /listCreatedPoi.jsp
[INFO] | [http-nio-3030-exec-168] | 2016/07/07 16:21:13.592/IST | INFO | PoiDaoImplementation.java:232 | GetCreatedPoiList.....
[INFO] | [http-nio-3030-exec-171] | 2016/07/07 16:21:15.085/IST | INFO | PoiController.java:88 | Action is....listUpdatedPoi...forwarding request to   /listUpdatedPoi.jsp
[INFO] | [http-nio-3030-exec-171] | 2016/07/07 16:21:15.085/IST | INFO | PoiDaoImplementation.java:276 | Getting all updated pois list...........
[INFO] | [http-nio-3030-exec-175] | 2016/07/07 16:21:17.060/IST | INFO | PoiController.java:88 | Action is....listUpdatedPoi...forwarding request to   /listUpdatedPoi.jsp
[INFO] | [http-nio-3030-exec-175] | 2016/07/07 16:21:17.061/IST | INFO | PoiDaoImplementation.java:276 | Getting all updated pois list...........
[INFO] | [http-nio-3030-exec-182] | 2016/07/07 16:24:14.684/IST | INFO | PoiController.java:88 | Action is....listUpdatedPoi...forwarding request to   /listUpdatedPoi.jsp
[INFO] | [http-nio-3030-exec-182] | 2016/07/07 16:24:14.685/IST | INFO | PoiDaoImplementation.java:276 | Getting all updated pois list...........
[INFO] | [http-nio-3030-exec-177] | 2016/07/07 16:32:01.149/IST | INFO | PoiController.java:96 | Action is....listSubmittedPoi...forwarding request to   /listSubmittedPoi.jsp
[INFO] | [http-nio-3030-exec-177] | 2016/07/07 16:32:01.149/IST | INFO | PoiDaoImplementation.java:354 | Getting all SubmittedPoiList.........
[INFO] | [http-nio-3030-exec-181] | 2016/07/07 16:32:03.013/IST | INFO | PoiController.java:88 | Action is....listUpdatedPoi...forwarding request to   /listUpdatedPoi.jsp
[INFO] | [http-nio-3030-exec-181] | 2016/07/07 16:32:03.014/IST | INFO | PoiDaoImplementation.java:276 | Getting all updated pois list...........
[INFO] | [http-nio-3030-exec-178] | 2016/07/07 17:00:54.098/IST | INFO | PoiController.java:88 | Action is....listUpdatedPoi...forwarding request to   /listUpdatedPoi.jsp
[INFO] | [http-nio-3030-exec-178] | 2016/07/07 17:00:54.099/IST | INFO | PoiDaoImplementation.java:276 | Getting all updated pois list...........
[INFO] | [http-nio-3030-exec-185] | 2016/07/07 17:00:56.127/IST | INFO | PoiController.java:88 | Action is....listUpdatedPoi...forwarding request to   /listUpdatedPoi.jsp
[INFO] | [http-nio-3030-exec-185] | 2016/07/07 17:00:56.127/IST | INFO | PoiDaoImplementation.java:276 | Getting all updated pois list...........
[INFO] | [http-nio-3030-exec-179] | 2016/07/07 17:01:57.456/IST | INFO | PoiController.java:88 | Action is....listUpdatedPoi...forwarding request to   /listUpdatedPoi.jsp
[INFO] | [http-nio-3030-exec-179] | 2016/07/07 17:01:57.457/IST | INFO | PoiDaoImplementation.java:276 | Getting all updated pois list...........
[INFO] | [http-nio-3030-exec-178] | 2016/07/07 17:09:54.567/IST | INFO | DBUtil.java:48 | database connected
[INFO] | [http-nio-3030-exec-178] | 2016/07/07 17:09:54.569/IST | INFO | PoiController.java:88 | Action is....listUpdatedPoi...forwarding request to   /listUpdatedPoi.jsp
[INFO] | [http-nio-3030-exec-178] | 2016/07/07 17:09:54.570/IST | INFO | PoiDaoImplementation.java:276 | Getting all updated pois list...........
[INFO] | [http-nio-3030-exec-182] | 2016/07/07 17:10:06.189/IST | INFO | PoiController.java:88 | Action is....listUpdatedPoi...forwarding request to   /listUpdatedPoi.jsp
[INFO] | [http-nio-3030-exec-182] | 2016/07/07 17:10:06.190/IST | INFO | PoiDaoImplementation.java:276 | Getting all updated pois list...........
[INFO] | [http-nio-3030-exec-187] | 2016/07/07 17:14:45.134/IST | INFO | PoiController.java:96 | Action is....listSubmittedPoi...forwarding request to   /listSubmittedPoi.jsp
[INFO] | [http-nio-3030-exec-187] | 2016/07/07 17:14:45.135/IST | INFO | PoiDaoImplementation.java:354 | Getting all SubmittedPoiList.........
[INFO] | [http-nio-3030-exec-189] | 2016/07/07 17:14:47.069/IST | INFO | PoiController.java:100 | Action is....listApprovedPoi...forwarding request to   /listApprovedPoi.jsp
[INFO] | [http-nio-3030-exec-189] | 2016/07/07 17:14:47.069/IST | INFO | PoiDaoImplementation.java:387 | Getting all ApprovedPoiList.........
[INFO] | [http-nio-3030-exec-191] | 2016/07/07 17:14:48.756/IST | INFO | PoiController.java:92 | Action is....listDeletedPoi...forwarding request to   /listDeletedPoi.jsp
[INFO] | [http-nio-3030-exec-191] | 2016/07/07 17:14:48.756/IST | INFO | PoiDaoImplementation.java:315 | Getting all DeletedPoiList.........
[INFO] | [http-nio-3030-exec-193] | 2016/07/07 17:14:50.595/IST | INFO | PoiController.java:82 | Action is....listCreatedPoi...forwarding request to   /listCreatedPoi.jsp
[INFO] | [http-nio-3030-exec-193] | 2016/07/07 17:14:50.596/IST | INFO | PoiDaoImplementation.java:232 | GetCreatedPoiList.....
[INFO] | [http-nio-3030-exec-186] | 2016/07/07 17:14:51.928/IST | INFO | PoiController.java:88 | Action is....listUpdatedPoi...forwarding request to   /listUpdatedPoi.jsp
[INFO] | [http-nio-3030-exec-186] | 2016/07/07 17:14:51.928/IST | INFO | PoiDaoImplementation.java:276 | Getting all updated pois list...........
[INFO] | [http-nio-3030-exec-197] | 2016/07/07 17:22:11.340/IST | INFO | DBUtil.java:48 | database connected
[INFO] | [http-nio-3030-exec-197] | 2016/07/07 17:22:11.345/IST | INFO | PoiController.java:88 | Action is....listUpdatedPoi...forwarding request to   /listUpdatedPoi.jsp
[INFO] | [http-nio-3030-exec-197] | 2016/07/07 17:22:11.345/IST | INFO | PoiDaoImplementation.java:276 | Getting all updated pois list...........
[INFO] | [http-nio-3030-exec-199] | 2016/07/07 17:22:12.737/IST | INFO | PoiController.java:96 | Action is....listSubmittedPoi...forwarding request to   /listSubmittedPoi.jsp
[INFO] | [http-nio-3030-exec-199] | 2016/07/07 17:22:12.738/IST | INFO | PoiDaoImplementation.java:354 | Getting all SubmittedPoiList.........
[INFO] | [http-nio-3030-exec-189] | 2016/07/07 17:22:14.144/IST | INFO | PoiController.java:100 | Action is....listApprovedPoi...forwarding request to   /listApprovedPoi.jsp
[INFO] | [http-nio-3030-exec-189] | 2016/07/07 17:22:14.145/IST | INFO | PoiDaoImplementation.java:387 | Getting all ApprovedPoiList.........
[INFO] | [http-nio-3030-exec-192] | 2016/07/07 17:22:15.818/IST | INFO | PoiController.java:92 | Action is....listDeletedPoi...forwarding request to   /listDeletedPoi.jsp
[INFO] | [http-nio-3030-exec-192] | 2016/07/07 17:22:15.818/IST | INFO | PoiDaoImplementation.java:315 | Getting all DeletedPoiList.........
[INFO] | [http-nio-3030-exec-190] | 2016/07/07 17:22:17.142/IST | INFO | PoiController.java:92 | Action is....listDeletedPoi...forwarding request to   /listDeletedPoi.jsp
[INFO] | [http-nio-3030-exec-190] | 2016/07/07 17:22:17.142/IST | INFO | PoiDaoImplementation.java:315 | Getting all DeletedPoiList.........
[INFO] | [http-nio-3030-exec-197] | 2016/07/07 17:22:18.701/IST | INFO | PoiController.java:88 | Action is....listUpdatedPoi...forwarding request to   /listUpdatedPoi.jsp
[INFO] | [http-nio-3030-exec-197] | 2016/07/07 17:22:18.701/IST | INFO | PoiDaoImplementation.java:276 | Getting all updated pois list...........
[INFO] | [http-nio-3030-exec-199] | 2016/07/07 17:22:19.992/IST | INFO | PoiController.java:82 | Action is....listCreatedPoi...forwarding request to   /listCreatedPoi.jsp
[INFO] | [http-nio-3030-exec-199] | 2016/07/07 17:22:19.992/IST | INFO | PoiDaoImplementation.java:232 | GetCreatedPoiList.....
[INFO] | [http-nio-3030-exec-189] | 2016/07/07 17:22:22.045/IST | INFO | PoiController.java:88 | Action is....listUpdatedPoi...forwarding request to   /listUpdatedPoi.jsp
[INFO] | [http-nio-3030-exec-189] | 2016/07/07 17:22:22.045/IST | INFO | PoiDaoImplementation.java:276 | Getting all updated pois list...........
[INFO] | [http-nio-3030-exec-203] | 2016/07/07 17:22:23.670/IST | INFO | PoiController.java:96 | Action is....listSubmittedPoi...forwarding request to   /listSubmittedPoi.jsp
[INFO] | [http-nio-3030-exec-203] | 2016/07/07 17:22:23.671/IST | INFO | PoiDaoImplementation.java:354 | Getting all SubmittedPoiList.........
[INFO] | [http-nio-3030-exec-204] | 2016/07/07 17:22:25.006/IST | INFO | PoiController.java:100 | Action is....listApprovedPoi...forwarding request to   /listApprovedPoi.jsp
[INFO] | [http-nio-3030-exec-204] | 2016/07/07 17:22:25.006/IST | INFO | PoiDaoImplementation.java:387 | Getting all ApprovedPoiList.........
[INFO] | [http-nio-3030-exec-197] | 2016/07/07 17:22:26.351/IST | INFO | PoiController.java:92 | Action is....listDeletedPoi...forwarding request to   /listDeletedPoi.jsp
[INFO] | [http-nio-3030-exec-197] | 2016/07/07 17:22:26.351/IST | INFO | PoiDaoImplementation.java:315 | Getting all DeletedPoiList.........
[INFO] | [http-nio-3030-exec-199] | 2016/07/07 17:23:02.521/IST | INFO | PoiController.java:88 | Action is....listUpdatedPoi...forwarding request to   /listUpdatedPoi.jsp
[INFO] | [http-nio-3030-exec-199] | 2016/07/07 17:23:02.521/IST | INFO | PoiDaoImplementation.java:276 | Getting all updated pois list...........
[INFO] | [http-nio-3030-exec-205] | 2016/07/07 17:23:04.247/IST | INFO | PoiController.java:92 | Action is....listDeletedPoi...forwarding request to   /listDeletedPoi.jsp
[INFO] | [http-nio-3030-exec-205] | 2016/07/07 17:23:04.247/IST | INFO | PoiDaoImplementation.java:315 | Getting all DeletedPoiList.........
[INFO] | [http-nio-3030-exec-203] | 2016/07/07 17:23:05.197/IST | INFO | PoiController.java:92 | Action is....listDeletedPoi...forwarding request to   /listDeletedPoi.jsp
[INFO] | [http-nio-3030-exec-203] | 2016/07/07 17:23:05.197/IST | INFO | PoiDaoImplementation.java:315 | Getting all DeletedPoiList.........
[INFO] | [http-nio-3030-exec-204] | 2016/07/07 17:23:05.948/IST | INFO | PoiController.java:92 | Action is....listDeletedPoi...forwarding request to   /listDeletedPoi.jsp
[INFO] | [http-nio-3030-exec-204] | 2016/07/07 17:23:05.949/IST | INFO | PoiDaoImplementation.java:315 | Getting all DeletedPoiList.........
[INFO] | [http-nio-3030-exec-197] | 2016/07/07 17:23:06.613/IST | INFO | PoiController.java:92 | Action is....listDeletedPoi...forwarding request to   /listDeletedPoi.jsp
[INFO] | [http-nio-3030-exec-197] | 2016/07/07 17:23:06.614/IST | INFO | PoiDaoImplementation.java:315 | Getting all DeletedPoiList.........
[INFO] | [http-nio-3030-exec-199] | 2016/07/07 17:23:07.276/IST | INFO | PoiController.java:92 | Action is....listDeletedPoi...forwarding request to   /listDeletedPoi.jsp
[INFO] | [http-nio-3030-exec-199] | 2016/07/07 17:23:07.277/IST | INFO | PoiDaoImplementation.java:315 | Getting all DeletedPoiList.........
[INFO] | [http-nio-3030-exec-205] | 2016/07/07 17:23:07.901/IST | INFO | PoiController.java:92 | Action is....listDeletedPoi...forwarding request to   /listDeletedPoi.jsp
[INFO] | [http-nio-3030-exec-205] | 2016/07/07 17:23:07.902/IST | INFO | PoiDaoImplementation.java:315 | Getting all DeletedPoiList.........
[INFO] | [http-nio-3030-exec-203] | 2016/07/07 17:23:08.951/IST | INFO | PoiController.java:92 | Action is....listDeletedPoi...forwarding request to   /listDeletedPoi.jsp
[INFO] | [http-nio-3030-exec-203] | 2016/07/07 17:23:08.951/IST | INFO | PoiDaoImplementation.java:315 | Getting all DeletedPoiList.........
[INFO] | [http-nio-3030-exec-203] | 2016/07/07 17:23:11.660/IST | INFO | PoiController.java:92 | Action is....listDeletedPoi...forwarding request to   /listDeletedPoi.jsp
[INFO] | [http-nio-3030-exec-203] | 2016/07/07 17:23:11.660/IST | INFO | PoiDaoImplementation.java:315 | Getting all DeletedPoiList.........
[INFO] | [http-nio-3030-exec-199] | 2016/07/07 17:23:13.238/IST | INFO | PoiController.java:100 | Action is....listApprovedPoi...forwarding request to   /listApprovedPoi.jsp
[INFO] | [http-nio-3030-exec-199] | 2016/07/07 17:23:13.239/IST | INFO | PoiDaoImplementation.java:387 | Getting all ApprovedPoiList.........
[INFO] | [http-nio-3030-exec-205] | 2016/07/07 17:23:14.670/IST | INFO | PoiController.java:96 | Action is....listSubmittedPoi...forwarding request to   /listSubmittedPoi.jsp
[INFO] | [http-nio-3030-exec-205] | 2016/07/07 17:23:14.670/IST | INFO | PoiDaoImplementation.java:354 | Getting all SubmittedPoiList.........
[INFO] | [http-nio-3030-exec-204] | 2016/07/07 17:23:16.157/IST | INFO | PoiController.java:88 | Action is....listUpdatedPoi...forwarding request to   /listUpdatedPoi.jsp
[INFO] | [http-nio-3030-exec-204] | 2016/07/07 17:23:16.157/IST | INFO | PoiDaoImplementation.java:276 | Getting all updated pois list...........
[INFO] | [http-nio-3030-exec-206] | 2016/07/07 17:23:17.524/IST | INFO | PoiController.java:82 | Action is....listCreatedPoi...forwarding request to   /listCreatedPoi.jsp
[INFO] | [http-nio-3030-exec-206] | 2016/07/07 17:23:17.525/IST | INFO | PoiDaoImplementation.java:232 | GetCreatedPoiList.....
[INFO] | [http-nio-3030-exec-198] | 2016/07/07 17:23:18.980/IST | INFO | PoiController.java:88 | Action is....listUpdatedPoi...forwarding request to   /listUpdatedPoi.jsp
[INFO] | [http-nio-3030-exec-198] | 2016/07/07 17:23:18.980/IST | INFO | PoiDaoImplementation.java:276 | Getting all updated pois list...........
[INFO] | [http-nio-3030-exec-199] | 2016/07/07 17:23:19.989/IST | INFO | PoiController.java:96 | Action is....listSubmittedPoi...forwarding request to   /listSubmittedPoi.jsp
[INFO] | [http-nio-3030-exec-199] | 2016/07/07 17:23:19.989/IST | INFO | PoiDaoImplementation.java:354 | Getting all SubmittedPoiList.........
[INFO] | [http-nio-3030-exec-205] | 2016/07/07 17:23:21.182/IST | INFO | PoiController.java:100 | Action is....listApprovedPoi...forwarding request to   /listApprovedPoi.jsp
[INFO] | [http-nio-3030-exec-205] | 2016/07/07 17:23:21.182/IST | INFO | PoiDaoImplementation.java:387 | Getting all ApprovedPoiList.........
[INFO] | [http-nio-3030-exec-204] | 2016/07/07 17:23:22.734/IST | INFO | PoiController.java:92 | Action is....listDeletedPoi...forwarding request to   /listDeletedPoi.jsp
[INFO] | [http-nio-3030-exec-204] | 2016/07/07 17:23:22.734/IST | INFO | PoiDaoImplementation.java:315 | Getting all DeletedPoiList.........
[INFO] | [http-nio-3030-exec-4] | 2016/07/07 17:24:58.517/IST | INFO | DBUtil.java:48 | database connected
[INFO] | [http-nio-3030-exec-4] | 2016/07/07 17:24:58.526/IST | INFO | LoginServlet.java:100 | Welcome to Test User: admin
[INFO] | [http-nio-3030-exec-4] | 2016/07/07 17:24:58.527/IST | INFO | LoginServlet.java:104 | Logged in User : admin
[INFO] | [http-nio-3030-exec-4] | 2016/07/07 17:24:58.530/IST | INFO | LoginServlet.java:111 | Traversing Successfully to CustomPOI.jsp
[INFO] | [http-nio-3030-exec-4] | 2016/07/07 17:24:58.595/IST | INFO | LoginServlet.java:113 | Logged in User Name: admin
[INFO] | [http-nio-3030-exec-3] | 2016/07/07 17:25:01.159/IST | INFO | PoiController.java:82 | Action is....listCreatedPoi...forwarding request to   /listCreatedPoi.jsp
[INFO] | [http-nio-3030-exec-3] | 2016/07/07 17:25:01.160/IST | INFO | PoiDaoImplementation.java:232 | GetCreatedPoiList.....
[INFO] | [http-nio-3030-exec-5] | 2016/07/07 17:25:03.346/IST | INFO | PoiController.java:88 | Action is....listUpdatedPoi...forwarding request to   /listUpdatedPoi.jsp
[INFO] | [http-nio-3030-exec-5] | 2016/07/07 17:25:03.346/IST | INFO | PoiDaoImplementation.java:276 | Getting all updated pois list...........
[INFO] | [http-nio-3030-exec-2] | 2016/07/07 17:25:04.601/IST | INFO | PoiController.java:96 | Action is....listSubmittedPoi...forwarding request to   /listSubmittedPoi.jsp
[INFO] | [http-nio-3030-exec-2] | 2016/07/07 17:25:04.602/IST | INFO | PoiDaoImplementation.java:354 | Getting all SubmittedPoiList.........
[INFO] | [http-nio-3030-exec-3] | 2016/07/07 17:25:05.776/IST | INFO | PoiController.java:100 | Action is....listApprovedPoi...forwarding request to   /listApprovedPoi.jsp
[INFO] | [http-nio-3030-exec-3] | 2016/07/07 17:25:05.776/IST | INFO | PoiDaoImplementation.java:387 | Getting all ApprovedPoiList.........
[INFO] | [http-nio-3030-exec-5] | 2016/07/07 17:25:07.024/IST | INFO | PoiController.java:92 | Action is....listDeletedPoi...forwarding request to   /listDeletedPoi.jsp
[INFO] | [http-nio-3030-exec-5] | 2016/07/07 17:25:07.024/IST | INFO | PoiDaoImplementation.java:315 | Getting all DeletedPoiList.........
[INFO] | [http-nio-3030-exec-8] | 2016/07/07 17:27:03.991/IST | INFO | PoiController.java:92 | Action is....listDeletedPoi...forwarding request to   /listDeletedPoi.jsp
[INFO] | [http-nio-3030-exec-8] | 2016/07/07 17:27:03.993/IST | INFO | PoiDaoImplementation.java:315 | Getting all DeletedPoiList.........
[INFO] | [http-nio-3030-exec-9] | 2016/07/07 17:27:06.744/IST | INFO | PoiController.java:82 | Action is....listCreatedPoi...forwarding request to   /listCreatedPoi.jsp
[INFO] | [http-nio-3030-exec-9] | 2016/07/07 17:27:06.744/IST | INFO | PoiDaoImplementation.java:232 | GetCreatedPoiList.....
[INFO] | [http-nio-3030-exec-7] | 2016/07/07 17:27:07.877/IST | INFO | PoiController.java:88 | Action is....listUpdatedPoi...forwarding request to   /listUpdatedPoi.jsp
[INFO] | [http-nio-3030-exec-7] | 2016/07/07 17:27:07.877/IST | INFO | PoiDaoImplementation.java:276 | Getting all updated pois list...........
[INFO] | [http-nio-3030-exec-3] | 2016/07/07 17:27:09.060/IST | INFO | PoiController.java:96 | Action is....listSubmittedPoi...forwarding request to   /listSubmittedPoi.jsp
[INFO] | [http-nio-3030-exec-3] | 2016/07/07 17:27:09.061/IST | INFO | PoiDaoImplementation.java:354 | Getting all SubmittedPoiList.........
[INFO] | [http-nio-3030-exec-4] | 2016/07/07 17:27:10.364/IST | INFO | PoiController.java:100 | Action is....listApprovedPoi...forwarding request to   /listApprovedPoi.jsp
[INFO] | [http-nio-3030-exec-4] | 2016/07/07 17:27:10.365/IST | INFO | PoiDaoImplementation.java:387 | Getting all ApprovedPoiList.........
[INFO] | [http-nio-3030-exec-6] | 2016/07/07 17:27:12.158/IST | INFO | PoiController.java:92 | Action is....listDeletedPoi...forwarding request to   /listDeletedPoi.jsp
[INFO] | [http-nio-3030-exec-6] | 2016/07/07 17:27:12.158/IST | INFO | PoiDaoImplementation.java:315 | Getting all DeletedPoiList.........
[INFO] | [http-nio-3030-exec-14] | 2016/07/07 17:46:39.873/IST | INFO | DBUtil.java:48 | database connected
[INFO] | [http-nio-3030-exec-14] | 2016/07/07 17:46:39.876/IST | INFO | PoiController.java:92 | Action is....listDeletedPoi...forwarding request to   /listDeletedPoi.jsp
[INFO] | [http-nio-3030-exec-14] | 2016/07/07 17:46:39.876/IST | INFO | PoiDaoImplementation.java:315 | Getting all DeletedPoiList.........
[INFO] | [http-nio-3030-exec-16] | 2016/07/07 17:46:43.007/IST | INFO | PoiController.java:92 | Action is....listDeletedPoi...forwarding request to   /listDeletedPoi.jsp
[INFO] | [http-nio-3030-exec-16] | 2016/07/07 17:46:43.008/IST | INFO | PoiDaoImplementation.java:315 | Getting all DeletedPoiList.........
[INFO] | [http-nio-3030-exec-21] | 2016/07/07 17:46:46.148/IST | INFO | PoiController.java:82 | Action is....listCreatedPoi...forwarding request to   /listCreatedPoi.jsp
[INFO] | [http-nio-3030-exec-21] | 2016/07/07 17:46:46.148/IST | INFO | PoiDaoImplementation.java:232 | GetCreatedPoiList.....
[INFO] | [http-nio-3030-exec-22] | 2016/07/07 17:46:47.338/IST | INFO | PoiController.java:88 | Action is....listUpdatedPoi...forwarding request to   /listUpdatedPoi.jsp
[INFO] | [http-nio-3030-exec-22] | 2016/07/07 17:46:47.339/IST | INFO | PoiDaoImplementation.java:276 | Getting all updated pois list...........
[INFO] | [http-nio-3030-exec-15] | 2016/07/07 17:46:49.012/IST | INFO | PoiController.java:88 | Action is....listUpdatedPoi...forwarding request to   /listUpdatedPoi.jsp
[INFO] | [http-nio-3030-exec-15] | 2016/07/07 17:46:49.012/IST | INFO | PoiDaoImplementation.java:276 | Getting all updated pois list...........
[INFO] | [http-nio-3030-exec-19] | 2016/07/07 17:46:50.916/IST | INFO | PoiController.java:96 | Action is....listSubmittedPoi...forwarding request to   /listSubmittedPoi.jsp
[INFO] | [http-nio-3030-exec-19] | 2016/07/07 17:46:50.916/IST | INFO | PoiDaoImplementation.java:354 | Getting all SubmittedPoiList.........
[INFO] | [http-nio-3030-exec-14] | 2016/07/07 17:46:52.567/IST | INFO | PoiController.java:96 | Action is....listSubmittedPoi...forwarding request to   /listSubmittedPoi.jsp
[INFO] | [http-nio-3030-exec-14] | 2016/07/07 17:46:52.567/IST | INFO | PoiDaoImplementation.java:354 | Getting all SubmittedPoiList.........
[INFO] | [http-nio-3030-exec-16] | 2016/07/07 17:46:54.444/IST | INFO | PoiController.java:100 | Action is....listApprovedPoi...forwarding request to   /listApprovedPoi.jsp
[INFO] | [http-nio-3030-exec-16] | 2016/07/07 17:46:54.445/IST | INFO | PoiDaoImplementation.java:387 | Getting all ApprovedPoiList.........
[INFO] | [http-nio-3030-exec-17] | 2016/07/07 17:46:56.410/IST | INFO | PoiController.java:100 | Action is....listApprovedPoi...forwarding request to   /listApprovedPoi.jsp
[INFO] | [http-nio-3030-exec-17] | 2016/07/07 17:46:56.410/IST | INFO | PoiDaoImplementation.java:387 | Getting all ApprovedPoiList.........
[INFO] | [http-nio-3030-exec-23] | 2016/07/07 17:46:57.946/IST | INFO | PoiController.java:92 | Action is....listDeletedPoi...forwarding request to   /listDeletedPoi.jsp
[INFO] | [http-nio-3030-exec-23] | 2016/07/07 17:46:57.947/IST | INFO | PoiDaoImplementation.java:315 | Getting all DeletedPoiList.........
[INFO] | [http-nio-3030-exec-19] | 2016/07/07 17:46:59.363/IST | INFO | PoiController.java:92 | Action is....listDeletedPoi...forwarding request to   /listDeletedPoi.jsp
[INFO] | [http-nio-3030-exec-19] | 2016/07/07 17:46:59.363/IST | INFO | PoiDaoImplementation.java:315 | Getting all DeletedPoiList.........
[INFO] | [http-nio-3030-exec-14] | 2016/07/07 17:47:00.793/IST | INFO | PoiController.java:82 | Action is....listCreatedPoi...forwarding request to   /listCreatedPoi.jsp
[INFO] | [http-nio-3030-exec-14] | 2016/07/07 17:47:00.794/IST | INFO | PoiDaoImplementation.java:232 | GetCreatedPoiList.....
[INFO] | [http-nio-3030-exec-16] | 2016/07/07 17:47:02.033/IST | INFO | PoiController.java:82 | Action is....listCreatedPoi...forwarding request to   /listCreatedPoi.jsp
[INFO] | [http-nio-3030-exec-16] | 2016/07/07 17:47:02.033/IST | INFO | PoiDaoImplementation.java:232 | GetCreatedPoiList.....
